<?xml version="1.0" encoding="UTF-8"?>
<!-- Generated by org.testng.reporters.JUnitReportReporter -->
<testsuite hostname="Nuzrat" failures="0" tests="1" name="TestNGIntroduction.TestnG.Class2" time="0.003" errors="0" timestamp="14 Dec 2024 12:28:06 GMT" skipped="0">
  <testcase classname="TestNGIntroduction.TestnG.Class2" name="m" time="0.003"/>
</testsuite> <!-- TestNGIntroduction.TestnG.Class2 -->
