<?xml version="1.0" encoding="UTF-8"?>
<!-- Generated by org.testng.reporters.JUnitReportReporter -->
<testsuite hostname="Nuzrat" failures="0" tests="1" name="TestNGIntroduction.TestnG.testng" time="0.014" errors="0" timestamp="14 Dec 2024 12:28:06 GMT" skipped="0">
  <testcase classname="TestNGIntroduction.TestnG.testng" name="test1" time="0.014"/>
</testsuite> <!-- TestNGIntroduction.TestnG.testng -->
