<?xml version="1.0" encoding="UTF-8"?>
<!-- Generated by org.testng.reporters.JUnitReportReporter -->
<testsuite hostname="Nuzrat" failures="0" tests="1" name="org.testing.TestScripts.TC18_DELETE_Real" time="0.598" errors="0" timestamp="16 Jan 2025 07:54:37 GMT">
  <testcase classname="org.testing.TestScripts.TC18_DELETE_Real" name="deleteReal" time="0.598"/>
</testsuite> <!-- org.testing.TestScripts.TC18_DELETE_Real -->
