<?xml version="1.0" encoding="UTF-8"?>
<!-- Generated by org.testng.reporters.JUnitReportReporter -->
<testsuite hostname="Nuzrat" failures="0" tests="1" name="org.testing.TestScripts.TC1" time="41.571" errors="0" timestamp="23 Jan 2025 10:18:15 GMT">
  <testcase classname="org.testing.TestScripts.TC1" name="tc1" time="41.571"/>
</testsuite> <!-- org.testing.TestScripts.TC1 -->
