<?xml version="1.0" encoding="UTF-8"?>
<!-- Generated by org.testng.reporters.JUnitReportReporter -->
<testsuite hostname="Nuzrat" failures="0" tests="1" name="org.testing.TestScripts.TC14_GETAll_Real" time="0.465" errors="0" timestamp="16 Jan 2025 07:54:37 GMT">
  <testcase classname="org.testing.TestScripts.TC14_GETAll_Real" name="getAllReal" time="0.465"/>
</testsuite> <!-- org.testing.TestScripts.TC14_GETAll_Real -->
