<?xml version="1.0" encoding="UTF-8"?>
<!-- Generated by org.testng.reporters.JUnitReportReporter -->
<testsuite hostname="Nuzrat" failures="0" tests="1" name="org.testing.TestScripts.TC17_PUT_Real" time="0.511" errors="0" timestamp="11 Jan 2025 10:31:22 GMT">
  <testcase classname="org.testing.TestScripts.TC17_PUT_Real" name="updateReal" time="0.511"/>
</testsuite> <!-- org.testing.TestScripts.TC17_PUT_Real -->
