<?xml version="1.0" encoding="UTF-8"?>
<!-- Generated by org.testng.reporters.JUnitReportReporter -->
<testsuite hostname="Nuzrat" failures="0" tests="1" name="org.testing.TestScripts.TC11_GETParticular" time="0.050" errors="0" timestamp="16 Jan 2025 07:54:37 GMT">
  <testcase classname="org.testing.TestScripts.TC11_GETParticular" name="getParticular" time="0.050"/>
</testsuite> <!-- org.testing.TestScripts.TC11_GETParticular -->
