<?xml version="1.0" encoding="UTF-8"?>
<!-- Generated by org.testng.reporters.JUnitReportReporter -->
<testsuite hostname="Nuzrat" failures="0" tests="1" name="org.testing.TestScripts.TC15_GETParticular_Real" time="0.762" errors="0" timestamp="16 Jan 2025 07:54:37 GMT">
  <testcase classname="org.testing.TestScripts.TC15_GETParticular_Real" name="getParticularReal" time="0.762"/>
</testsuite> <!-- org.testing.TestScripts.TC15_GETParticular_Real -->
