<?xml version="1.0" encoding="UTF-8"?>
<!-- Generated by org.testng.reporters.JUnitReportReporter -->
<testsuite hostname="Nuzrat" failures="0" tests="1" name="org.testing.TestScripts.TC14_GETAll_Real" time="0.478" errors="0" timestamp="11 Jan 2025 10:31:22 GMT">
  <testcase classname="org.testing.TestScripts.TC14_GETAll_Real" name="getAllReal" time="0.478"/>
</testsuite> <!-- org.testing.TestScripts.TC14_GETAll_Real -->
